<?xml version="1.0" encoding="UTF-8"?>
<!-- Generated by org.testng.reporters.JUnitReportReporter -->
<testsuite hostname="EPRURYAW0062" name="com.epam.seleniumTask.tests.concrete.Login" tests="5" failures="0" timestamp="18 Dec 2015 08:00:54 GMT" time="29.085" errors="0">
  <testcase name="deleteMailTest" time="8.087" classname="com.epam.seleniumTask.tests.concrete.Login"/>
  <testcase name="login" time="16.090" classname="com.epam.seleniumTask.tests.concrete.Login"/>
  <testcase name="checkDrafts" time="1.684" classname="com.epam.seleniumTask.tests.concrete.Login"/>
  <testcase name="sendMail" time="0.664" classname="com.epam.seleniumTask.tests.concrete.Login"/>
  <testcase name="writeMail" time="2.560" classname="com.epam.seleniumTask.tests.concrete.Login"/>
</testsuite> <!-- com.epam.seleniumTask.tests.concrete.Login -->
