<?xml version="1.0" encoding="UTF-8"?>
<!-- Generated by org.testng.reporters.JUnitReportReporter -->
<testsuite hostname="EPRURYAW0062" name="com.epam.seleniumTask.tests.mailTest" tests="4" failures="0" timestamp="4 Dec 2015 09:42:59 GMT" time="11.146" errors="0">
  <testcase name="login" time="7.524" classname="com.epam.seleniumTask.tests.mailTest"/>
  <testcase name="checkDrafts" time="0.837" classname="com.epam.seleniumTask.tests.mailTest"/>
  <testcase name="exitTest" time="0.937" classname="com.epam.seleniumTask.tests.mailTest"/>
  <testcase name="writeMail" time="1.848" classname="com.epam.seleniumTask.tests.mailTest"/>
</testsuite> <!-- com.epam.seleniumTask.tests.mailTest -->
