<?xml version="1.0" encoding="UTF-8"?>
<!-- Generated by org.testng.reporters.JUnitReportReporter -->
<testsuite hostname="EPRURYAW0062" name="com.epam.seleniumTask.tests.MailTest" tests="6" failures="0" timestamp="10 Dec 2015 10:25:03 GMT" time="18.895" errors="0">
  <testcase name="login" time="1.594" classname="com.epam.seleniumTask.tests.MailTest"/>
  <testcase name="writeMail" time="2.516" classname="com.epam.seleniumTask.tests.MailTest"/>
  <testcase name="exitTest" time="2.524" classname="com.epam.seleniumTask.tests.MailTest"/>
  <testcase name="deleteMailTest" time="10.255" classname="com.epam.seleniumTask.tests.MailTest"/>
  <testcase name="checkDrafts" time="1.065" classname="com.epam.seleniumTask.tests.MailTest"/>
  <testcase name="sendMail" time="0.941" classname="com.epam.seleniumTask.tests.MailTest"/>
</testsuite> <!-- com.epam.seleniumTask.tests.MailTest -->
