<?xml version="1.0" encoding="UTF-8"?>
<!-- Generated by org.testng.reporters.JUnitReportReporter -->
<testsuite hostname="EPRURYAW0062" name="tests.Task" tests="9" failures="0" timestamp="24 Nov 2015 09:48:49 GMT" time="0.016" errors="0">
  <testcase name="isSquarePosititve" time="0.008" classname="tests.Task"/>
  <testcase name="recFerence" time="0.000" classname="tests.Task"/>
  <testcase name="recSquare" time="0.001" classname="tests.Task"/>
  <testcase name="testInit" time="0.001" classname="tests.Task"/>
  <testcase name="quadSquare" time="0.000" classname="tests.Task"/>
  <testcase name="circleFerence" time="0.003" classname="tests.Task"/>
  <testcase name="quadFerence" time="0.001" classname="tests.Task"/>
  <testcase name="isSquareNegatitve" time="0.001" classname="tests.Task"/>
  <testcase name="circleSquare" time="0.001" classname="tests.Task"/>
</testsuite> <!-- tests.Task -->
