<?xml version="1.0" encoding="UTF-8"?>
<!-- Generated by org.testng.reporters.JUnitReportReporter -->
<testsuite hostname="EPRURYAW0062" name="tests.TaskFactory$isQuadTests" tests="1" failures="0" timestamp="24 Nov 2015 09:30:40 GMT" time="0.007" errors="0">
  <testcase name="isQuadPositive" time="0.007" classname="tests.TaskFactory$isQuadTests"/>
</testsuite> <!-- tests.TaskFactory$isQuadTests -->
