<?xml version="1.0" encoding="UTF-8"?>
<!-- Generated by org.testng.reporters.JUnitReportReporter -->
<testsuite hostname="EPRURYAW0062" name="tests.TestTaskFactory$isQuadTests" tests="1" failures="0" timestamp="27 Nov 2015 12:55:38 GMT" time="0.006" errors="0">
  <testcase name="isQuadPositive" time="0.006" classname="tests.TestTaskFactory$isQuadTests"/>
</testsuite> <!-- tests.TestTaskFactory$isQuadTests -->
