<?xml version="1.0" encoding="UTF-8"?>
<!-- Generated by org.testng.reporters.JUnitReportReporter -->
<testsuite hostname="EPRURYAW0062" name="tests.TestTaskFactory$isQuadTests" tests="1" failures="0" timestamp="1 Dec 2015 12:51:07 GMT" time="0.007" errors="0">
  <testcase name="isQuadPositive" time="0.007" classname="tests.TestTaskFactory$isQuadTests"/>
</testsuite> <!-- tests.TestTaskFactory$isQuadTests -->
